<?xml version="1.0" encoding="UTF-8"?>
<!-- Generated by org.testng.reporters.JUnitReportReporter -->
<testsuite hostname="LAPTOP-N6FQHII2" failures="0" tests="1" name="TestPackage.TestMav" time="0.008" errors="0" timestamp="2021-06-12T12:07:47 IST" skipped="0">
  <testcase classname="TestPackage.TestMav" name="test1" time="0.008"/>
  <system-out/>
</testsuite> <!-- TestPackage.TestMav -->
