<?xml version="1.0" encoding="UTF-8"?>
<!-- Generated by org.testng.reporters.JUnitReportReporter -->
<testsuite hostname="LAPTOP-N6FQHII2" failures="0" tests="1" name="com.mcd.qa.UAETestCases.TCUAEImmediate" time="37.128" errors="0" timestamp="2021-06-17T10:23:13 IST" skipped="0">
  <testcase classname="com.mcd.qa.UAETestCases.TCUAEImmediate" name="UAETCImmediateOrder" time="37.128"/>
  <system-out/>
</testsuite> <!-- com.mcd.qa.UAETestCases.TCUAEImmediate -->
