<?xml version="1.0" encoding="UTF-8"?>
<!-- Generated by org.testng.reporters.JUnitReportReporter -->
<testsuite hostname="LAPTOP-N6FQHII2" failures="0" tests="1" name="com.mcd.qa.QATestCases.TCQAAdvance" time="65.504" errors="0" timestamp="2021-06-17T11:04:44 IST" skipped="0">
  <testcase classname="com.mcd.qa.QATestCases.TCQAAdvance" name="QATCAdvanceOrder" time="65.504"/>
  <system-out/>
</testsuite> <!-- com.mcd.qa.QATestCases.TCQAAdvance -->
