<?xml version="1.0" encoding="UTF-8"?>
<!-- Generated by org.testng.reporters.JUnitReportReporter -->
<testsuite hostname="LAPTOP-N6FQHII2" failures="0" tests="1" name="com.mcd.qa.BHTestCases.TCBHGuestAdvance" time="79.518" errors="0" timestamp="2021-06-17T11:04:44 IST" skipped="0">
  <testcase classname="com.mcd.qa.BHTestCases.TCBHGuestAdvance" name="BHTCGuestAdvanceOrder" time="79.518"/>
  <system-out/>
</testsuite> <!-- com.mcd.qa.BHTestCases.TCBHGuestAdvance -->
