<?xml version="1.0" encoding="UTF-8"?>
<!-- Generated by org.testng.reporters.JUnitReportReporter -->
<testsuite hostname="LAPTOP-N6FQHII2" failures="0" tests="1" name="com.mcd.qa.KWTestCases.TCKWGuestImmediate" time="64.902" errors="0" timestamp="2021-06-17T11:04:44 IST" skipped="0">
  <testcase classname="com.mcd.qa.KWTestCases.TCKWGuestImmediate" name="KWTCGuestImmediateOrder" time="64.902"/>
  <system-out/>
</testsuite> <!-- com.mcd.qa.KWTestCases.TCKWGuestImmediate -->
