<?xml version="1.0" encoding="UTF-8"?>
<!-- Generated by org.testng.reporters.JUnitReportReporter -->
<testsuite hostname="LAPTOP-N6FQHII2-SHIVANSH" failures="0" tests="1" name="com.mcd.qa.LKTestCases.TCLKImmediate" time="6.612" errors="0" timestamp="2022-01-06T15:21:52 IST" skipped="0">
  <testcase classname="com.mcd.qa.LKTestCases.TCLKImmediate" name="LKTCImmediateOrder" time="6.612"/>
  <system-out/>
</testsuite> <!-- com.mcd.qa.LKTestCases.TCLKImmediate -->
